<?xml version="1.0" encoding="UTF-8"?>
<!-- Generated by org.testng.reporters.JUnitXMLReporter -->
<testsuite ignored="0" hostname="LAPTOP-1JTSJ7UB" failures="0" tests="4" name="loginto" time="6.19" errors="0" timestamp="2024-04-27T12:05:54 EDT">
  <testcase classname="com.zimamoin.org.trainingsession.Sign" name="f" time="0.0">
    <skipped/>
  </testcase> <!-- f -->
  <testcase classname="com.zimamoin.org.trainingsession.Amazon" name="f" time="0.0">
    <skipped/>
  </testcase> <!-- f -->
  <testcase classname="com.zimamoin.org.trainingsession.Sign" name="CreateAccount" time="0.0">
    <skipped/>
  </testcase> <!-- CreateAccount -->
  <testcase classname="com.zimamoin.org.trainingsession.Amazon" name="CreateAccount" time="0.0">
    <skipped/>
  </testcase> <!-- CreateAccount -->
</testsuite> <!-- loginto -->
